This file contains any messages produced by compilers while
running configure, to aid debugging if configure makes a mistake.

configure:593: checking host system type
configure:619: checking for prespecified compiler options
configure:716: checking for gcc
configure:829: checking whether the C compiler (gcc -fPIC -O2 -g ) works
configure:845: gcc -o conftest -fPIC -O2 -g   conftest.c  1>&5
configure:842:1: warning: return type defaults to 'int' [-Wimplicit-int]
  842 |   done
      | ^ ~~
configure:871: checking whether the C compiler (gcc -fPIC -O2 -g ) is a cross-compiler
configure:876: checking whether we are using GNU C
configure:885: gcc -E conftest.c
configure:904: checking whether gcc accepts -g
configure:936: checking whether make sets ${MAKE}
configure:965: checking for ranlib
configure:997: checking for sh
configure:1041: checking for file suffixes
configure:1176: checking for sqrt in -lm
configure:1195: gcc -o conftest -fPIC -O2 -g   conftest.c -lm   1>&5
configure:1188:6: warning: conflicting types for built-in function 'sqrt'; expected 'double(double)' [-Wbuiltin-declaration-mismatch]
 1188 | echo "configure:1176: checking for sqrt in -lm" >&5
      |      ^~~~
configure:1185:1: note: 'sqrt' is declared in header '<math.h>'
 1184 |       fi
  +++ |+#include <math.h>
 1185 |    fi
configure:1225: checking for -lnsl
configure:1242: gcc -o conftest -fPIC -O2 -g   conftest.c -lm  1>&5
configure:1294: checking for -lsocket
configure:1311: gcc -o conftest -fPIC -O2 -g   conftest.c -lm  1>&5
configure:1361: checking for bfd_open_file in -lbfd
configure:1380: gcc -o conftest -fPIC -O2 -g   conftest.c -lbfd  -lm  1>&5
/usr/bin/ld: cannot find -lbfd: No such file or directory
collect2: error: ld returned 1 exit status
configure: failed program was:
#line 1369 "configure"
#include "confdefs.h"
/* Override any gcc2 internal prototype to avoid an error.  */
/* We use char because int might match the return type of a gcc2
    builtin and then its argument prototype would still apply.  */
char bfd_open_file();

int main() {
bfd_open_file()
; return 0; }
configure:1408: checking for xstrerror in -liberty
configure:1427: gcc -o conftest -fPIC -O2 -g   conftest.c -liberty  -lm  1>&5
/usr/bin/ld: cannot find -liberty: No such file or directory
collect2: error: ld returned 1 exit status
configure: failed program was:
#line 1416 "configure"
#include "confdefs.h"
/* Override any gcc2 internal prototype to avoid an error.  */
/* We use char because int might match the return type of a gcc2
    builtin and then its argument prototype would still apply.  */
char xstrerror();

int main() {
xstrerror()
; return 0; }
configure:1678: checking how to run the C preprocessor
configure:1699: gcc -E  conftest.c >/dev/null 2>conftest.out
configure:1758: checking for ANSI C header files
configure:1771: gcc -E  conftest.c >/dev/null 2>conftest.out
configure:1838: gcc -o conftest -fPIC -O2 -g   conftest.c -lm  1>&5
configure: In function 'main':
configure:1833:67: warning: implicit declaration of function 'exit' [-Wimplicit-function-declaration]
 1833 | 
      |                                                                   ^   
configure:1829:1: note: include '<stdlib.h>' or provide a declaration of 'exit'
 1828 |    cat >> confdefs.h <<\EOF
  +++ |+#include <stdlib.h>
 1829 | #define CC_SIGNAL_BEFORE_PTHREAD 1
configure:1833:67: warning: incompatible implicit declaration of built-in function 'exit' [-Wbuiltin-declaration-mismatch]
 1833 | 
      |                                                                   ^   
configure:1833:67: note: include '<stdlib.h>' or provide a declaration of 'exit'
configure:1834:1: warning: incompatible implicit declaration of built-in function 'exit' [-Wbuiltin-declaration-mismatch]
 1834 | fi
      | ^~  
configure:1834:1: note: include '<stdlib.h>' or provide a declaration of 'exit'
configure:1862: checking whether time.h and sys/time.h may both be included
configure:1876: gcc -c -fPIC -O2 -g  conftest.c 1>&5
configure:1900: checking for stdlib.h
configure:1910: gcc -E  conftest.c >/dev/null 2>conftest.out
configure:1900: checking for math.h
configure:1910: gcc -E  conftest.c >/dev/null 2>conftest.out
configure:1900: checking for string.h
configure:1910: gcc -E  conftest.c >/dev/null 2>conftest.out
configure:1900: checking for strings.h
configure:1910: gcc -E  conftest.c >/dev/null 2>conftest.out
configure:1900: checking for errno.h
configure:1910: gcc -E  conftest.c >/dev/null 2>conftest.out
configure:1900: checking for assert.h
configure:1910: gcc -E  conftest.c >/dev/null 2>conftest.out
configure:1900: checking for sys/time.h
configure:1910: gcc -E  conftest.c >/dev/null 2>conftest.out
configure:1900: checking for time.h
configure:1910: gcc -E  conftest.c >/dev/null 2>conftest.out
configure:1900: checking for stddef.h
configure:1910: gcc -E  conftest.c >/dev/null 2>conftest.out
configure:1900: checking for unistd.h
configure:1910: gcc -E  conftest.c >/dev/null 2>conftest.out
configure:1900: checking for malloc.h
configure:1910: gcc -E  conftest.c >/dev/null 2>conftest.out
configure:1900: checking for sys/types.h
configure:1910: gcc -E  conftest.c >/dev/null 2>conftest.out
configure:1900: checking for sys/stat.h
configure:1910: gcc -E  conftest.c >/dev/null 2>conftest.out
configure:1900: checking for fcntl.h
configure:1910: gcc -E  conftest.c >/dev/null 2>conftest.out
configure:1900: checking for signal.h
configure:1910: gcc -E  conftest.c >/dev/null 2>conftest.out
configure:1900: checking for sys/socket.h
configure:1910: gcc -E  conftest.c >/dev/null 2>conftest.out
configure:1900: checking for netinet/in.h
configure:1910: gcc -E  conftest.c >/dev/null 2>conftest.out
configure:1900: checking for netdb.h
configure:1910: gcc -E  conftest.c >/dev/null 2>conftest.out
configure:1900: checking for sys/resource.h
configure:1910: gcc -E  conftest.c >/dev/null 2>conftest.out
configure:1900: checking for sys/param.h
configure:1910: gcc -E  conftest.c >/dev/null 2>conftest.out
configure:1900: checking for sys/times.h
configure:1910: gcc -E  conftest.c >/dev/null 2>conftest.out
configure:2001: checking for working const
configure:2055: gcc -c -fPIC -O2 -g  conftest.c 1>&5
configure:2078: checking for void
configure:2090: gcc -c -fPIC -O2 -g  conftest.c 1>&5
configure:2111: checking for size_t
configure:2144: checking for pid_t
configure:2177: checking return type of signal handlers
configure:2199: gcc -c -fPIC -O2 -g  conftest.c 1>&5
configure:2218: checking for u_char
configure:2254: checking for missing printf prototype
configure:2266: gcc -c -fPIC -O2 -g  conftest.c 1>&5
configure: In function 'main':
configure:2262:8: error: incompatible type for argument 1 of 'printf'
 2262 |   echo $ac_n "(cached) $ac_c" 1>&6
      |        ^~~
      |        |
      |        double
In file included from /usr/include/stdio.h:894,
                 from configure:2260:
/usr/include/x86_64-linux-gnu/bits/stdio2.h:110:32: note: expected 'const char * restrict' but argument is of type 'double'
  110 | printf (const char *__restrict __fmt, ...)
      |         ~~~~~~~~~~~~~~~~~~~~~~~^~~~~
configure: failed program was:
#line 2259 "configure"
#include "confdefs.h"
#include <stdio.h>
int main() {
printf(3.0)
; return 0; }
configure:2290: checking for missing gethostname prototype
configure:2305: gcc -c -fPIC -O2 -g  conftest.c 1>&5
configure: In function 'main':
configure:2301:13: error: incompatible type for argument 1 of 'gethostname'
 2301 | EOF
      |             ^  
      |             |
      |             double
In file included from /usr/include/features.h:486,
                 from /usr/include/unistd.h:25,
                 from configure:2298:
/usr/include/x86_64-linux-gnu/bits/unistd.h:282:1: note: expected 'char *' but argument is of type 'double'
  282 | __NTH (gethostname (char *__buf, size_t __buflen))
      | ^~~~~
configure:2301:1: error: too few arguments to function 'gethostname'
 2301 | EOF
      | ^~~        
In file included from /usr/include/features.h:486,
                 from /usr/include/unistd.h:25,
                 from configure:2298:
/usr/include/x86_64-linux-gnu/bits/unistd.h:282:1: note: declared here
  282 | __NTH (gethostname (char *__buf, size_t __buflen))
      | ^~~~~
configure: failed program was:
#line 2295 "configure"
#include "confdefs.h"

#ifdef HAVE_UNISTD_H
#include <unistd.h>
#endif
int main() {
gethostname(3.0)
; return 0; }
configure:2329: checking for missing getrusage prototype
configure:2356: gcc -c -fPIC -O2 -g  conftest.c 1>&5
configure: In function 'main':
configure:2352:1: error: too few arguments to function 'getrusage'
 2352 |   cat > conftest.$ac_ext <<EOF
      | ^ ~~~~~~~
In file included from configure:2349:
/usr/include/x86_64-linux-gnu/sys/resource.h:89:12: note: declared here
   89 | extern int getrusage (__rusage_who_t __who, struct rusage *__usage) __THROW;
      |            ^~~~~~~~~
configure: failed program was:
#line 2334 "configure"
#include "confdefs.h"

#ifdef TIME_WITH_SYS_TIME
# include <sys/time.h>
# include <time.h>
#else
# ifdef HAVE_SYS_TIME_H
#  include <sys/time.h>
# else
#  ifdef HAVE_TIME_H
#   include <time.h>
#  endif
# endif
#endif
#ifdef HAVE_SYS_RESOURCE_H
#include <sys/resource.h>
#endif
int main() {
getrusage(3.0)
; return 0; }
configure:2382: checking usable sigaction()
configure:2404: gcc -c -fPIC -O2 -g  conftest.c 1>&5
configure:2474: checking for __attribute__
configure:2486: gcc -c -fPIC -O2 -g  conftest.c 1>&5
configure:2554: checking for gethostname
configure:2582: gcc -o conftest -fPIC -O2 -g   conftest.c -lm  1>&5
configure:2554: checking for socket
configure:2582: gcc -o conftest -fPIC -O2 -g   conftest.c -lm  1>&5
configure:2554: checking for strdup
configure:2582: gcc -o conftest -fPIC -O2 -g   conftest.c -lm  1>&5
configure:2566:6: warning: conflicting types for built-in function 'strdup'; expected 'char *(const char *)' [-Wbuiltin-declaration-mismatch]
 2566 | s%@datadir@%$datadir%g
      |      ^~~~~~
configure:2554: checking for getrusage
configure:2582: gcc -o conftest -fPIC -O2 -g   conftest.c -lm  1>&5
configure:2554: checking for times
configure:2582: gcc -o conftest -fPIC -O2 -g   conftest.c -lm  1>&5
configure:2554: checking for clock
configure:2582: gcc -o conftest -fPIC -O2 -g   conftest.c -lm  1>&5
configure:2554: checking for sleep
configure:2582: gcc -o conftest -fPIC -O2 -g   conftest.c -lm  1>&5
configure:2554: checking for sigaction
configure:2582: gcc -o conftest -fPIC -O2 -g   conftest.c -lm  1>&5
configure:2554: checking for signal
configure:2582: gcc -o conftest -fPIC -O2 -g   conftest.c -lm  1>&5
